#
# There is insufficient memory for the Java Runtime Environment to continue.
# Native memory allocation (malloc) failed to allocate 923056 bytes for Chunk::new
# Possible reasons:
#   The system is out of physical RAM or swap space
#   In 32 bit mode, the process size limit was hit
# Possible solutions:
#   Reduce memory load on the system
#   Increase physical memory or swap space
#   Check if swap backing store is full
#   Use 64 bit Java on a 64 bit OS
#   Decrease Java heap size (-Xmx/-Xms)
#   Decrease number of Java threads
#   Decrease Java thread stack sizes (-Xss)
#   Set larger code cache with -XX:ReservedCodeCacheSize=
# This output file may be truncated or incomplete.
#
#  Out of Memory Error (allocation.cpp:390), pid=9608, tid=0x0000000000002804
#
# JRE version: Java(TM) SE Runtime Environment (8.0_101-b13) (build 1.8.0_101-b13)
# Java VM: Java HotSpot(TM) 64-Bit Server VM (25.101-b13 mixed mode windows-amd64 compressed oops)
# Failed to write core dump. Minidumps are not enabled by default on client versions of Windows
#

---------------  T H R E A D  ---------------

Current thread (0x000000001c07f800):  JavaThread "C2 CompilerThread0" daemon [_thread_in_native, id=10244, stack(0x000000001dad0000,0x000000001dbd0000)]

Stack: [0x000000001dad0000,0x000000001dbd0000]
[error occurred during error reporting (printing stack bounds), id 0xc0000005]

Native frames: (J=compiled Java code, j=interpreted, Vv=VM code, C=native code)


Current CompileTask:
C2:  28987 1312   !   4       com.android.dx.cf.code.RopperMachine::run (1550 bytes)


---------------  P R O C E S S  ---------------

Java Threads: ( => current thread )
  0x000000001dc37000 JavaThread "pool-2-thread-4" [_thread_blocked, id=11660, stack(0x00000000205a0000,0x00000000206a0000)]
  0x000000001dc35800 JavaThread "pool-2-thread-3" [_thread_blocked, id=9464, stack(0x000000001ffe0000,0x00000000200e0000)]
  0x000000001dc2b800 JavaThread "pool-2-thread-2" [_thread_blocked, id=4148, stack(0x0000000020270000,0x0000000020370000)]
  0x000000001dc25800 JavaThread "pool-3-thread-1" [_thread_blocked, id=6128, stack(0x00000000203b0000,0x00000000204b0000)]
  0x000000001e152000 JavaThread "pool-2-thread-1" [_thread_blocked, id=8684, stack(0x0000000020130000,0x0000000020230000)]
  0x000000001dfea000 JavaThread "Service Thread" daemon [_thread_blocked, id=10548, stack(0x000000001ef10000,0x000000001f010000)]
  0x000000001dfe7000 JavaThread "C1 CompilerThread2" daemon [_thread_blocked, id=8980, stack(0x000000001ed30000,0x000000001ee30000)]
  0x000000001dc1f800 JavaThread "C2 CompilerThread1" daemon [_thread_in_native, id=3104, stack(0x000000001d6d0000,0x000000001d7d0000)]
=>0x000000001c07f800 JavaThread "C2 CompilerThread0" daemon [_thread_in_native, id=10244, stack(0x000000001dad0000,0x000000001dbd0000)]
  0x000000001c08d800 JavaThread "Attach Listener" daemon [_thread_blocked, id=10256, stack(0x000000001d9a0000,0x000000001daa0000)]
  0x000000001c08c000 JavaThread "Signal Dispatcher" daemon [_thread_blocked, id=9352, stack(0x000000001d870000,0x000000001d970000)]
  0x000000001c069000 JavaThread "Finalizer" daemon [_thread_blocked, id=2804, stack(0x000000001d5d0000,0x000000001d6d0000)]
  0x000000001c022000 JavaThread "Reference Handler" daemon [_thread_blocked, id=8452, stack(0x000000001d300000,0x000000001d400000)]
  0x000000000233e800 JavaThread "main" [_thread_blocked, id=10116, stack(0x0000000002620000,0x0000000002720000)]

Other Threads:
  0x000000001c01a800 VMThread [stack: 0x000000001d130000,0x000000001d230000] [id=3024]
  0x000000001dfed800 WatcherThread [stack: 0x000000001ec10000,0x000000001ed10000] [id=10080]

VM state:not at safepoint (normal execution)

VM Mutex/Monitor currently owned by a thread: None

Heap:
 PSYoungGen      total 35328K, used 11552K [0x000000076ab00000, 0x000000076d000000, 0x00000007c0000000)
  eden space 32768K, 27% used [0x000000076ab00000,0x000000076b3d01e8,0x000000076cb00000)
  from space 2560K, 98% used [0x000000076cd80000,0x000000076cff8048,0x000000076d000000)
  to   space 2560K, 0% used [0x000000076cb00000,0x000000076cb00000,0x000000076cd80000)
 ParOldGen       total 44032K, used 4181K [0x00000006c0000000, 0x00000006c2b00000, 0x000000076ab00000)
  object space 44032K, 9% used [0x00000006c0000000,0x00000006c0415580,0x00000006c2b00000)
 Metaspace       used 5990K, capacity 6898K, committed 7040K, reserved 1056768K
  class space    used 596K, capacity 618K, committed 640K, reserved 1048576K

Card table byte_map: [0x0000000011db0000,0x00000000125c0000] byte_map_base: 0x000000000e7b0000

Marking Bits: (ParMarkBitMap*) 0x000000006332a6d0
 Begin Bits: [0x0000000012e90000, 0x0000000016e90000)
 End Bits:   [0x0000000016e90000, 0x000000001ae90000)

Polling page: 0x0000000000140000

CodeCache: size=245760Kb used=5434Kb max_used=5470Kb free=240325Kb
 bounds [0x00000000029f0000, 0x0000000002f50000, 0x00000000119f0000]
 total_blobs=1563 nmethods=1295 adapters=181
 compilation: enabled

Compilation events (10 events):
Event: 28.763 Thread 0x000000001dc1f800 nmethod 1315 0x0000000002f22d90 code [0x0000000002f22f00, 0x0000000002f231f8]
Event: 28.784 Thread 0x000000001dfe7000 1319       1       com.android.dx.rop.cst.CstInteger::getType (4 bytes)
Event: 28.784 Thread 0x000000001dfe7000 nmethod 1319 0x0000000002f18bd0 code [0x0000000002f18d20, 0x0000000002f18e30]
Event: 28.784 Thread 0x000000001dfe7000 1317       3       com.android.dx.rop.code.Rops::opConst (85 bytes)
Event: 28.785 Thread 0x000000001dfe7000 nmethod 1317 0x0000000002f25710 code [0x0000000002f25960, 0x0000000002f26668]
Event: 28.785 Thread 0x000000001dfe7000 1318       3       com.android.dx.ssa.NormalSsaInsn::canThrow (8 bytes)
Event: 28.785 Thread 0x000000001dfe7000 nmethod 1318 0x0000000002f225d0 code [0x0000000002f22760, 0x0000000002f22ba8]
Event: 28.785 Thread 0x000000001dfe7000 1316       3       java.util.concurrent.locks.AbstractQueuedSynchronizer::compareAndSetState (13 bytes)
Event: 28.786 Thread 0x000000001dfe7000 nmethod 1316 0x0000000002f253d0 code [0x0000000002f25520, 0x0000000002f25690]
Event: 28.896 Thread 0x000000001dc1f800 1320       4       com.android.dx.ssa.DeadCodeRemover::isCircularNoSideEffect (140 bytes)

GC Heap History (4 events):
Event: 22.245 GC heap before
{Heap before GC invocations=1 (full 0):
 PSYoungGen      total 18944K, used 16384K [0x000000076ab00000, 0x000000076c000000, 0x00000007c0000000)
  eden space 16384K, 100% used [0x000000076ab00000,0x000000076bb00000,0x000000076bb00000)
  from space 2560K, 0% used [0x000000076bd80000,0x000000076bd80000,0x000000076c000000)
  to   space 2560K, 0% used [0x000000076bb00000,0x000000076bb00000,0x000000076bd80000)
 ParOldGen       total 44032K, used 0K [0x00000006c0000000, 0x00000006c2b00000, 0x000000076ab00000)
  object space 44032K, 0% used [0x00000006c0000000,0x00000006c0000000,0x00000006c2b00000)
 Metaspace       used 5647K, capacity 6640K, committed 6784K, reserved 1056768K
  class space    used 594K, capacity 616K, committed 640K, reserved 1048576K
Event: 23.470 GC heap after
Heap after GC invocations=1 (full 0):
 PSYoungGen      total 18944K, used 2538K [0x000000076ab00000, 0x000000076d000000, 0x00000007c0000000)
  eden space 16384K, 0% used [0x000000076ab00000,0x000000076ab00000,0x000000076bb00000)
  from space 2560K, 99% used [0x000000076bb00000,0x000000076bd7aac8,0x000000076bd80000)
  to   space 2560K, 0% used [0x000000076cd80000,0x000000076cd80000,0x000000076d000000)
 ParOldGen       total 44032K, used 1541K [0x00000006c0000000, 0x00000006c2b00000, 0x000000076ab00000)
  object space 44032K, 3% used [0x00000006c0000000,0x00000006c0181798,0x00000006c2b00000)
 Metaspace       used 5647K, capacity 6640K, committed 6784K, reserved 1056768K
  class space    used 594K, capacity 616K, committed 640K, reserved 1048576K
}
Event: 25.744 GC heap before
{Heap before GC invocations=2 (full 0):
 PSYoungGen      total 18944K, used 18922K [0x000000076ab00000, 0x000000076d000000, 0x00000007c0000000)
  eden space 16384K, 100% used [0x000000076ab00000,0x000000076bb00000,0x000000076bb00000)
  from space 2560K, 99% used [0x000000076bb00000,0x000000076bd7aac8,0x000000076bd80000)
  to   space 2560K, 0% used [0x000000076cd80000,0x000000076cd80000,0x000000076d000000)
 ParOldGen       total 44032K, used 1541K [0x00000006c0000000, 0x00000006c2b00000, 0x000000076ab00000)
  object space 44032K, 3% used [0x00000006c0000000,0x00000006c0181798,0x00000006c2b00000)
 Metaspace       used 5889K, capacity 6834K, committed 7040K, reserved 1056768K
  class space    used 596K, capacity 618K, committed 640K, reserved 1048576K
Event: 25.989 GC heap after
Heap after GC invocations=2 (full 0):
 PSYoungGen      total 35328K, used 2528K [0x000000076ab00000, 0x000000076d000000, 0x00000007c0000000)
  eden space 32768K, 0% used [0x000000076ab00000,0x000000076ab00000,0x000000076cb00000)
  from space 2560K, 98% used [0x000000076cd80000,0x000000076cff8048,0x000000076d000000)
  to   space 2560K, 0% used [0x000000076cb00000,0x000000076cb00000,0x000000076cd80000)
 ParOldGen       total 44032K, used 4181K [0x00000006c0000000, 0x00000006c2b00000, 0x000000076ab00000)
  object space 44032K, 9% used [0x00000006c0000000,0x00000006c0415580,0x00000006c2b00000)
 Metaspace       used 5889K, capacity 6834K, committed 7040K, reserved 1056768K
  class space    used 596K, capacity 618K, committed 640K, reserved 1048576K
}

Deoptimization events (9 events):
Event: 22.011 Thread 0x000000000233e800 Uncommon trap: reason=unstable_if action=reinterpret pc=0x0000000002bf19b8 method=java.util.BitSet.ensureCapacity(I)V @ 6
Event: 24.817 Thread 0x000000001dc2b800 Uncommon trap: reason=class_check action=maybe_recompile pc=0x0000000002bfaee4 method=com.android.dx.ssa.NormalSsaInsn.accept(Lcom/android/dx/ssa/SsaInsn$Visitor;)V @ 9
Event: 24.881 Thread 0x000000001dc35800 Uncommon trap: reason=class_check action=maybe_recompile pc=0x0000000002bfaee4 method=com.android.dx.ssa.NormalSsaInsn.accept(Lcom/android/dx/ssa/SsaInsn$Visitor;)V @ 9
Event: 25.732 Thread 0x000000001e152000 Uncommon trap: reason=unstable_if action=reinterpret pc=0x0000000002c0239c method=com.android.dx.rop.cst.Constant.compareTo(Lcom/android/dx/rop/cst/Constant;)I @ 12
Event: 25.733 Thread 0x000000001e152000 Uncommon trap: reason=class_check action=maybe_recompile pc=0x0000000002bfaee4 method=com.android.dx.ssa.NormalSsaInsn.accept(Lcom/android/dx/ssa/SsaInsn$Visitor;)V @ 9
Event: 25.733 Thread 0x000000001e152000 Uncommon trap: reason=class_check action=maybe_recompile pc=0x0000000002bfaee4 method=com.android.dx.ssa.NormalSsaInsn.accept(Lcom/android/dx/ssa/SsaInsn$Visitor;)V @ 9
Event: 25.733 Thread 0x000000001e152000 Uncommon trap: reason=class_check action=maybe_recompile pc=0x0000000002be1b30 method=com.android.dx.ssa.NormalSsaInsn.accept(Lcom/android/dx/ssa/SsaInsn$Visitor;)V @ 9
Event: 27.706 Thread 0x000000001dc37000 Uncommon trap: reason=bimorphic action=maybe_recompile pc=0x0000000002bdf194 method=java.util.HashMap.getNode(ILjava/lang/Object;)Ljava/util/HashMap$Node; @ 126
Event: 27.706 Thread 0x000000001dc37000 Uncommon trap: reason=bimorphic action=maybe_recompile pc=0x0000000002bdf194 method=java.util.HashMap.getNode(ILjava/lang/Object;)Ljava/util/HashMap$Node; @ 126

Internal exceptions (2 events):
Event: 7.054 Thread 0x000000000233e800 Exception <a 'java/lang/NoSuchMethodError': Method sun.misc.Unsafe.defineClass(Ljava/lang/String;[BII)Ljava/lang/Class; name or signature does not match> (0x000000076ab07cc0) thrown at [C:\re\workspace\8-2-build-windows-amd64-cygwin\jdk8u101\7261\hotspot\s÷Ñì'7@
Event: 7.054 Thread 0x000000000233e800 Exception <a 'java/lang/NoSuchMethodError': Method sun.misc.Unsafe.prefetchRead(Ljava/lang/Object;J)V name or signature does not match> (0x000000076ab07fa8) thrown at [C:\re\workspace\8-2-build-windows-amd64-cygwin\jdk8u101\7261\hotspot\src\share\vm\prims\

Events (10 events):
Event: 25.744 Executing VM operation: ParallelGCFailedAllocation
Event: 25.989 Executing VM operation: ParallelGCFailedAllocation done
Event: 26.574 Thread 0x000000001e152000 DEOPT PACKING pc=0x0000000002cd5f63 sp=0x000000002022e450
Event: 26.574 Thread 0x000000001e152000 DEOPT UNPACKING pc=0x0000000002a3787f sp=0x000000002022e218 mode 0
Event: 27.706 Thread 0x000000001dc37000 Uncommon trap: trap_request=0xffffffc6 fr.pc=0x0000000002bdf194
Event: 27.706 Thread 0x000000001dc37000 DEOPT PACKING pc=0x0000000002bdf194 sp=0x000000002069ecc0
Event: 27.706 Thread 0x000000001dc37000 DEOPT UNPACKING pc=0x0000000002a3582a sp=0x000000002069ec40 mode 2
Event: 27.706 Thread 0x000000001dc37000 Uncommon trap: trap_request=0xffffffc6 fr.pc=0x0000000002bdf194
Event: 27.706 Thread 0x000000001dc37000 DEOPT PACKING pc=0x0000000002bdf194 sp=0x000000002069ecc0
Event: 27.706 Thread 0x000000001dc37000 DEOPT UNPACKING pc=0x0000000002a3582a sp=0x000000002069ec40 mode 2


Dynamic libraries:
0x000000013ff00000 - 0x000000013ff37000 	C:\Program Files\Java\jdk1.8.0_101\bin\java.exe
0x00000000772b0000 - 0x000000007745a000 	C:\Windows\SYSTEM32\ntdll.dll
0x0000000077190000 - 0x00000000772af000 	C:\Windows\system32\kernel32.dll
0x000007fefd1f0000 - 0x000007fefd25a000 	C:\Windows\system32\KERNELBASE.dll
0x000007fefd530000 - 0x000007fefd60b000 	C:\Windows\system32\ADVAPI32.dll
0x000007feff340000 - 0x000007feff3df000 	C:\Windows\system32\msvcrt.dll
0x000007feff520000 - 0x000007feff53f000 	C:\Windows\SYSTEM32\sechost.dll
0x000007fefd770000 - 0x000007fefd89d000 	C:\Windows\system32\RPCRT4.dll
0x0000000077090000 - 0x000000007718a000 	C:\Windows\system32\USER32.dll
0x000007feff540000 - 0x000007feff5a7000 	C:\Windows\system32\GDI32.dll
0x000007feff220000 - 0x000007feff22e000 	C:\Windows\system32\LPK.dll
0x000007feff150000 - 0x000007feff21a000 	C:\Windows\system32\USP10.dll
0x000007fefb610000 - 0x000007fefb804000 	C:\Windows\WinSxS\amd64_microsoft.windows.common-controls_6595b64144ccf1df_6.0.7601.18837_none_fa3b1e3d17594757\COMCTL32.dll
0x000007fefd640000 - 0x000007fefd6b1000 	C:\Windows\system32\SHLWAPI.dll
0x000007fefd610000 - 0x000007fefd63e000 	C:\Windows\system32\IMM32.DLL
0x000007feff230000 - 0x000007feff339000 	C:\Windows\system32\MSCTF.dll
0x000000006ab10000 - 0x000000006abe2000 	C:\Program Files\Java\jdk1.8.0_101\jre\bin\msvcr100.dll
0x0000000062b10000 - 0x00000000633aa000 	C:\Program Files\Java\jdk1.8.0_101\jre\bin\server\jvm.dll
0x000007fef7ce0000 - 0x000007fef7ce9000 	C:\Windows\system32\WSOCK32.dll
0x000007fefd6c0000 - 0x000007fefd70d000 	C:\Windows\system32\WS2_32.dll
0x000007feff5b0000 - 0x000007feff5b8000 	C:\Windows\system32\NSI.dll
0x000007fefadc0000 - 0x000007fefadfb000 	C:\Windows\system32\WINMM.dll
0x000007fefc160000 - 0x000007fefc16c000 	C:\Windows\system32\VERSION.dll
0x0000000077480000 - 0x0000000077487000 	C:\Windows\system32\PSAPI.DLL
0x00000000740b0000 - 0x00000000740bf000 	C:\Program Files\Java\jdk1.8.0_101\jre\bin\verify.dll
0x0000000073890000 - 0x00000000738b9000 	C:\Program Files\Java\jdk1.8.0_101\jre\bin\java.dll
0x0000000074090000 - 0x00000000740a6000 	C:\Program Files\Java\jdk1.8.0_101\jre\bin\zip.dll
0x000007fefdcf0000 - 0x000007fefea7a000 	C:\Windows\system32\SHELL32.dll
0x000007fefea80000 - 0x000007fefec83000 	C:\Windows\system32\ole32.dll
0x000007fefcff0000 - 0x000007fefcfff000 	C:\Windows\system32\profapi.dll

VM Arguments:
jvm_args: -Djava.awt.headless=true -Xmx4g -Dfile.encoding=windows-1252 -Duser.country=FR -Duser.language=fr -Duser.variant 
java_command: com.android.dx.command.Main --dex --force-jumbo --num-threads=4 --multi-dex --output C:\Users\neo\AndroidStudioProjects\MyApplication_maps2\app\build\intermediates\transforms\dex\debug\folders\1000\10\com.google.android.gms-play-services-analytics-impl-10.0.1_0ea932447c66b7d74d934d8babd43146fff6000a C:\Users\neo\AndroidStudioProjects\MyApplication_maps2\app\build\intermediates\exploded-aar\com.google.android.gms\play-services-analytics-impl\10.0.1\jars\classes.jar
java_class_path (initial): C:\Users\neo\AppData\Local\Android\sdk\build-tools\25.0.1\lib\dx.jar
Launcher Type: SUN_STANDARD

Environment Variables:
PATH=C:\ProgramData\Oracle\Java\javapath;C:\Windows\system32;C:\Windows;C:\Windows\System32\Wbem;C:\Windows\System32\WindowsPowerShell\v1.0\;C:\Program Files\Intel\WiFi\bin\;C:\Program Files\Common Files\Intel\WirelessCommon\;C:\Program Files\Git\cmd;C:\metasploit-framework\bin\;C:\Program Files (x86)\Skype\Phone\;C:\ProgramData\ComposerSetup\bin;C:\Users\neo\Desktop\php-7.1.1-Win32-VC14-x64;C:\Program Files (x86)\PuTTY\;C:\Program Files\Intel\WiFi\bin\;C:\Program Files\Common Files\Intel\WirelessCommon\;C:\Users\neo\AppData\Roaming\Composer\vendor\bin
USERNAME=neo
OS=Windows_NT
PROCESSOR_IDENTIFIER=Intel64 Family 6 Model 69 Stepping 1, GenuineIntel



---------------  S Y S T E M  ---------------

OS: Windows 7 , 64 bit Build 7601 (6.1.7601.23543)

CPU:total 4 (2 cores per cpu, 2 threads per core) family 6 model 69 stepping 1, cmov, cx8, fxsr, mmx, sse, sse2, sse3, ssse3, sse4.1, sse4.2, popcnt, avx, avx2, aes, clmul, erms, lzcnt, ht, tsc, tscinvbit, bmi1, bmi2

Memory: 4k page, physical 4118708k(247540k free), swap 9773340k(5396k free)

vm_info: Java HotSpot(TM) 64-Bit Server VM (25.101-b13) for windows-amd64 JRE (1.8.0_101-b13), built on Jun 22 2016 01:21:29 by "java_re" with MS VC++ 10.0 (VS2010)

time: Thu Feb 16 21:10:52 2017
elapsed time: 28 seconds (0d 0h 0m 28s)

