#
# There is insufficient memory for the Java Runtime Environment to continue.
# Native memory allocation (malloc) failed to allocate 981776 bytes for Chunk::new
# Possible reasons:
#   The system is out of physical RAM or swap space
#   In 32 bit mode, the process size limit was hit
# Possible solutions:
#   Reduce memory load on the system
#   Increase physical memory or swap space
#   Check if swap backing store is full
#   Use 64 bit Java on a 64 bit OS
#   Decrease Java heap size (-Xmx/-Xms)
#   Decrease number of Java threads
#   Decrease Java thread stack sizes (-Xss)
#   Set larger code cache with -XX:ReservedCodeCacheSize=
# This output file may be truncated or incomplete.
#
#  Out of Memory Error (allocation.cpp:390), pid=9120, tid=0x0000000000002490
#
# JRE version: Java(TM) SE Runtime Environment (8.0_101-b13) (build 1.8.0_101-b13)
# Java VM: Java HotSpot(TM) 64-Bit Server VM (25.101-b13 mixed mode windows-amd64 compressed oops)
# Failed to write core dump. Minidumps are not enabled by default on client versions of Windows
#

---------------  T H R E A D  ---------------

Current thread (0x000000001c0ff800):  JavaThread "C2 CompilerThread0" daemon [_thread_in_native, id=9360, stack(0x000000001db10000,0x000000001dc10000)]

Stack: [0x000000001db10000,0x000000001dc10000]
[error occurred during error reporting (printing stack bounds), id 0xc0000005]

Native frames: (J=compiled Java code, j=interpreted, Vv=VM code, C=native code)


Current CompileTask:
C2:  10495 1730   !   4       com.android.dx.cf.code.BytecodeArray::parseInstruction (2764 bytes)


---------------  P R O C E S S  ---------------

Java Threads: ( => current thread )
  0x000000001e04d800 JavaThread "pool-2-thread-4" [_thread_blocked, id=8492, stack(0x000000001ed00000,0x000000001ee00000)]
  0x000000001e04a800 JavaThread "pool-2-thread-3" [_thread_blocked, id=12020, stack(0x000000001eb90000,0x000000001ec90000)]
  0x000000001e04a000 JavaThread "pool-2-thread-2" [_thread_blocked, id=1192, stack(0x000000001e920000,0x000000001ea20000)]
  0x000000001e047000 JavaThread "pool-3-thread-1" [_thread_blocked, id=11608, stack(0x000000001e740000,0x000000001e840000)]
  0x000000001e046800 JavaThread "pool-2-thread-1" [_thread_blocked, id=5884, stack(0x000000001d5c0000,0x000000001d6c0000)]
  0x000000001ddfa800 JavaThread "Service Thread" daemon [_thread_blocked, id=2912, stack(0x000000001e480000,0x000000001e580000)]
  0x000000001c108800 JavaThread "C1 CompilerThread2" daemon [_thread_blocked, id=5740, stack(0x000000001e2c0000,0x000000001e3c0000)]
  0x000000001c107000 JavaThread "C2 CompilerThread1" daemon [_thread_in_native, id=4964, stack(0x000000001dc70000,0x000000001dd70000)]
=>0x000000001c0ff800 JavaThread "C2 CompilerThread0" daemon [_thread_in_native, id=9360, stack(0x000000001db10000,0x000000001dc10000)]
  0x000000001c10d800 JavaThread "Attach Listener" daemon [_thread_blocked, id=10948, stack(0x000000001d910000,0x000000001da10000)]
  0x000000001c10c000 JavaThread "Signal Dispatcher" daemon [_thread_blocked, id=8136, stack(0x000000001d710000,0x000000001d810000)]
  0x000000001c0e9800 JavaThread "Finalizer" daemon [_thread_blocked, id=10268, stack(0x000000001d4a0000,0x000000001d5a0000)]
  0x000000001c0a2000 JavaThread "Reference Handler" daemon [_thread_blocked, id=5724, stack(0x000000001d2d0000,0x000000001d3d0000)]
  0x000000000226e800 JavaThread "main" [_thread_blocked, id=4412, stack(0x0000000002560000,0x0000000002660000)]

Other Threads:
  0x000000001c09a800 VMThread [stack: 0x000000001d0b0000,0x000000001d1b0000] [id=3720]
  0x000000001de02000 WatcherThread [stack: 0x000000001e5c0000,0x000000001e6c0000] [id=8000]

VM state:not at safepoint (normal execution)

VM Mutex/Monitor currently owned by a thread:  ([mutex/lock_event])
[0x000000000226c8d0] Heap_lock - owner thread: 0x000000001e04d800

Heap:
 PSYoungGen      total 68096K, used 2656K [0x000000076ab00000, 0x0000000774000000, 0x00000007c0000000)
  eden space 65536K, 0% used [0x000000076ab00000,0x000000076ab1d478,0x000000076eb00000)
  from space 2560K, 99% used [0x000000076eb00000,0x000000076ed7abb0,0x000000076ed80000)
  to   space 10752K, 0% used [0x0000000773580000,0x0000000773580000,0x0000000774000000)
 ParOldGen       total 44032K, used 20608K [0x00000006c0000000, 0x00000006c2b00000, 0x000000076ab00000)
  object space 44032K, 46% used [0x00000006c0000000,0x00000006c14203b0,0x00000006c2b00000)
 Metaspace       used 6280K, capacity 7128K, committed 7424K, reserved 1056768K
  class space    used 620K, capacity 656K, committed 768K, reserved 1048576K

Card table byte_map: [0x0000000011cf0000,0x0000000012500000] byte_map_base: 0x000000000e6f0000

Marking Bits: (ParMarkBitMap*) 0x000000005c48a6d0
 Begin Bits: [0x0000000012f10000, 0x0000000016f10000)
 End Bits:   [0x0000000016f10000, 0x000000001af10000)

Polling page: 0x0000000000240000

CodeCache: size=245760Kb used=7111Kb max_used=7111Kb free=238649Kb
 bounds [0x0000000002930000, 0x0000000003030000, 0x0000000011930000]
 total_blobs=1890 nmethods=1622 adapters=181
 compilation: enabled

Compilation events (10 events):
Event: 9.777 Thread 0x000000001c108800 1742       2       com.android.dx.dex.file.ClassDataItem::addDirectMethod (24 bytes)
Event: 9.778 Thread 0x000000001c108800 nmethod 1742 0x000000000301ba90 code [0x000000000301bc20, 0x000000000301bf78]
Event: 9.813 Thread 0x000000001c108800 1744       2       com.android.dx.dex.code.RopTranslator::outputBlock (202 bytes)
Event: 9.816 Thread 0x000000001c108800 nmethod 1744 0x0000000003024b50 code [0x0000000003024e00, 0x0000000003025908]
Event: 9.897 Thread 0x000000001c108800 1745       2       java.util.concurrent.ThreadPoolExecutor::isRunning (10 bytes)
Event: 9.897 Thread 0x000000001c108800 nmethod 1745 0x000000000301b790 code [0x000000000301b8e0, 0x000000000301ba30]
Event: 10.431 Thread 0x000000001c108800 1747       2       com.android.dx.dex.file.AnnotationUtils::makeSignature (251 bytes)
Event: 10.436 Thread 0x000000001c108800 nmethod 1747 0x0000000003026cd0 code [0x0000000003026fe0, 0x00000000030280e8]
Event: 10.436 Thread 0x000000001c108800 1748       2       java.util.concurrent.locks.AbstractQueuedSynchronizer$Node::predecessor (19 bytes)
Event: 10.436 Thread 0x000000001c108800 nmethod 1748 0x000000000301b350 code [0x000000000301b4c0, 0x000000000301b6c8]

GC Heap History (10 events):
Event: 1.347 GC heap before
{Heap before GC invocations=1 (full 0):
 PSYoungGen      total 18944K, used 16384K [0x000000076ab00000, 0x000000076c000000, 0x00000007c0000000)
  eden space 16384K, 100% used [0x000000076ab00000,0x000000076bb00000,0x000000076bb00000)
  from space 2560K, 0% used [0x000000076bd80000,0x000000076bd80000,0x000000076c000000)
  to   space 2560K, 0% used [0x000000076bb00000,0x000000076bb00000,0x000000076bd80000)
 ParOldGen       total 44032K, used 0K [0x00000006c0000000, 0x00000006c2b00000, 0x000000076ab00000)
  object space 44032K, 0% used [0x00000006c0000000,0x00000006c0000000,0x00000006c2b00000)
 Metaspace       used 5709K, capacity 6704K, committed 6784K, reserved 1056768K
  class space    used 596K, capacity 616K, committed 640K, reserved 1048576K
Event: 1.384 GC heap after
Heap after GC invocations=1 (full 0):
 PSYoungGen      total 18944K, used 2551K [0x000000076ab00000, 0x000000076d000000, 0x00000007c0000000)
  eden space 16384K, 0% used [0x000000076ab00000,0x000000076ab00000,0x000000076bb00000)
  from space 2560K, 99% used [0x000000076bb00000,0x000000076bd7dc78,0x000000076bd80000)
  to   space 2560K, 0% used [0x000000076cd80000,0x000000076cd80000,0x000000076d000000)
 ParOldGen       total 44032K, used 1589K [0x00000006c0000000, 0x00000006c2b00000, 0x000000076ab00000)
  object space 44032K, 3% used [0x00000006c0000000,0x00000006c018d5e8,0x00000006c2b00000)
 Metaspace       used 5709K, capacity 6704K, committed 6784K, reserved 1056768K
  class space    used 596K, capacity 616K, committed 640K, reserved 1048576K
}
Event: 2.338 GC heap before
{Heap before GC invocations=2 (full 0):
 PSYoungGen      total 18944K, used 18935K [0x000000076ab00000, 0x000000076d000000, 0x00000007c0000000)
  eden space 16384K, 100% used [0x000000076ab00000,0x000000076bb00000,0x000000076bb00000)
  from space 2560K, 99% used [0x000000076bb00000,0x000000076bd7dc78,0x000000076bd80000)
  to   space 2560K, 0% used [0x000000076cd80000,0x000000076cd80000,0x000000076d000000)
 ParOldGen       total 44032K, used 1589K [0x00000006c0000000, 0x00000006c2b00000, 0x000000076ab00000)
  object space 44032K, 3% used [0x00000006c0000000,0x00000006c018d5e8,0x00000006c2b00000)
 Metaspace       used 5971K, capacity 6898K, committed 7040K, reserved 1056768K
  class space    used 598K, capacity 618K, committed 640K, reserved 1048576K
Event: 2.352 GC heap after
Heap after GC invocations=2 (full 0):
 PSYoungGen      total 35328K, used 2551K [0x000000076ab00000, 0x000000076d000000, 0x00000007c0000000)
  eden space 32768K, 0% used [0x000000076ab00000,0x000000076ab00000,0x000000076cb00000)
  from space 2560K, 99% used [0x000000076cd80000,0x000000076cffdc78,0x000000076d000000)
  to   space 2560K, 0% used [0x000000076cb00000,0x000000076cb00000,0x000000076cd80000)
 ParOldGen       total 44032K, used 3619K [0x00000006c0000000, 0x00000006c2b00000, 0x000000076ab00000)
  object space 44032K, 8% used [0x00000006c0000000,0x00000006c0388ec8,0x00000006c2b00000)
 Metaspace       used 5971K, capacity 6898K, committed 7040K, reserved 1056768K
  class space    used 598K, capacity 618K, committed 640K, reserved 1048576K
}
Event: 2.756 GC heap before
{Heap before GC invocations=3 (full 0):
 PSYoungGen      total 35328K, used 35319K [0x000000076ab00000, 0x000000076d000000, 0x00000007c0000000)
  eden space 32768K, 100% used [0x000000076ab00000,0x000000076cb00000,0x000000076cb00000)
  from space 2560K, 99% used [0x000000076cd80000,0x000000076cffdc78,0x000000076d000000)
  to   space 2560K, 0% used [0x000000076cb00000,0x000000076cb00000,0x000000076cd80000)
 ParOldGen       total 44032K, used 3619K [0x00000006c0000000, 0x00000006c2b00000, 0x000000076ab00000)
  object space 44032K, 8% used [0x00000006c0000000,0x00000006c0388ec8,0x00000006c2b00000)
 Metaspace       used 6069K, capacity 7026K, committed 7296K, reserved 1056768K
  class space    used 600K, capacity 618K, committed 640K, reserved 1048576K
Event: 2.811 GC heap after
Heap after GC invocations=3 (full 0):
 PSYoungGen      total 35328K, used 2552K [0x000000076ab00000, 0x000000076f000000, 0x00000007c0000000)
  eden space 32768K, 0% used [0x000000076ab00000,0x000000076ab00000,0x000000076cb00000)
  from space 2560K, 99% used [0x000000076cb00000,0x000000076cd7e018,0x000000076cd80000)
  to   space 2560K, 0% used [0x000000076ed80000,0x000000076ed80000,0x000000076f000000)
 ParOldGen       total 44032K, used 9311K [0x00000006c0000000, 0x00000006c2b00000, 0x000000076ab00000)
  object space 44032K, 21% used [0x00000006c0000000,0x00000006c0917d08,0x00000006c2b00000)
 Metaspace       used 6069K, capacity 7026K, committed 7296K, reserved 1056768K
  class space    used 600K, capacity 618K, committed 640K, reserved 1048576K
}
Event: 3.825 GC heap before
{Heap before GC invocations=4 (full 0):
 PSYoungGen      total 35328K, used 35320K [0x000000076ab00000, 0x000000076f000000, 0x00000007c0000000)
  eden space 32768K, 100% used [0x000000076ab00000,0x000000076cb00000,0x000000076cb00000)
  from space 2560K, 99% used [0x000000076cb00000,0x000000076cd7e018,0x000000076cd80000)
  to   space 2560K, 0% used [0x000000076ed80000,0x000000076ed80000,0x000000076f000000)
 ParOldGen       total 44032K, used 9311K [0x00000006c0000000, 0x00000006c2b00000, 0x000000076ab00000)
  object space 44032K, 21% used [0x00000006c0000000,0x00000006c0917d08,0x00000006c2b00000)
 Metaspace       used 6183K, capacity 7064K, committed 7424K, reserved 1056768K
  class space    used 620K, capacity 656K, committed 768K, reserved 1048576K
Event: 4.171 GC heap after
Heap after GC invocations=4 (full 0):
 PSYoungGen      total 68096K, used 2552K [0x000000076ab00000, 0x000000076f000000, 0x00000007c0000000)
  eden space 65536K, 0% used [0x000000076ab00000,0x000000076ab00000,0x000000076eb00000)
  from space 2560K, 99% used [0x000000076ed80000,0x000000076effe018,0x000000076f000000)
  to   space 2560K, 0% used [0x000000076eb00000,0x000000076eb00000,0x000000076ed80000)
 ParOldGen       total 44032K, used 13267K [0x00000006c0000000, 0x00000006c2b00000, 0x000000076ab00000)
  object space 44032K, 30% used [0x00000006c0000000,0x00000006c0cf4de0,0x00000006c2b00000)
 Metaspace       used 6183K, capacity 7064K, committed 7424K, reserved 1056768K
  class space    used 620K, capacity 656K, committed 768K, reserved 1048576K
}
Event: 9.899 GC heap before
{Heap before GC invocations=5 (full 0):
 PSYoungGen      total 68096K, used 68088K [0x000000076ab00000, 0x000000076f000000, 0x00000007c0000000)
  eden space 65536K, 100% used [0x000000076ab00000,0x000000076eb00000,0x000000076eb00000)
  from space 2560K, 99% used [0x000000076ed80000,0x000000076effe018,0x000000076f000000)
  to   space 2560K, 0% used [0x000000076eb00000,0x000000076eb00000,0x000000076ed80000)
 ParOldGen       total 44032K, used 13267K [0x00000006c0000000, 0x00000006c2b00000, 0x000000076ab00000)
  object space 44032K, 30% used [0x00000006c0000000,0x00000006c0cf4de0,0x00000006c2b00000)
 Metaspace       used 6279K, capacity 7128K, committed 7424K, reserved 1056768K
  class space    used 620K, capacity 656K, committed 768K, reserved 1048576K
Event: 10.409 GC heap after
Heap after GC invocations=5 (full 0):
 PSYoungGen      total 68096K, used 2538K [0x000000076ab00000, 0x0000000774000000, 0x00000007c0000000)
  eden space 65536K, 0% used [0x000000076ab00000,0x000000076ab00000,0x000000076eb00000)
  from space 2560K, 99% used [0x000000076eb00000,0x000000076ed7abb0,0x000000076ed80000)
  to   space 10752K, 0% used [0x0000000773580000,0x0000000773580000,0x0000000774000000)
 ParOldGen       total 44032K, used 20608K [0x00000006c0000000, 0x00000006c2b00000, 0x000000076ab00000)
  object space 44032K, 46% used [0x00000006c0000000,0x00000006c14203b0,0x00000006c2b00000)
 Metaspace       used 6279K, capacity 7128K, committed 7424K, reserved 1056768K
  class space    used 620K, capacity 656K, committed 768K, reserved 1048576K
}

Deoptimization events (10 events):
Event: 3.798 Thread 0x000000001e046800 Uncommon trap: reason=unstable_if action=reinterpret pc=0x0000000002d47584 method=java.util.HashMap.getNode(ILjava/lang/Object;)Ljava/util/HashMap$Node; @ 84
Event: 4.180 Thread 0x000000001e046800 Uncommon trap: reason=bimorphic action=maybe_recompile pc=0x0000000002eee90c method=com.android.dx.cf.code.BytecodeArray.parseInstruction(ILcom/android/dx/cf/code/BytecodeArray$Visitor;)I @ 1357
Event: 4.181 Thread 0x000000001e046800 Uncommon trap: reason=bimorphic action=maybe_recompile pc=0x0000000002eee90c method=com.android.dx.cf.code.BytecodeArray.parseInstruction(ILcom/android/dx/cf/code/BytecodeArray$Visitor;)I @ 1357
Event: 6.237 Thread 0x000000001e046800 Uncommon trap: reason=bimorphic action=maybe_recompile pc=0x0000000002f7c024 method=com.android.dx.cf.code.BytecodeArray.parseInstruction(ILcom/android/dx/cf/code/BytecodeArray$Visitor;)I @ 1130
Event: 6.237 Thread 0x000000001e046800 Uncommon trap: reason=bimorphic action=maybe_recompile pc=0x0000000002f7c024 method=com.android.dx.cf.code.BytecodeArray.parseInstruction(ILcom/android/dx/cf/code/BytecodeArray$Visitor;)I @ 1130
Event: 9.056 Thread 0x000000001e046800 Uncommon trap: reason=unstable_if action=reinterpret pc=0x0000000002f5ffa0 method=com.android.dx.ssa.MoveParamCombiner$1.visitNonMoveInsn(Lcom/android/dx/ssa/NormalSsaInsn;)V @ 27
Event: 9.224 Thread 0x000000001e046800 Uncommon trap: reason=unstable_if action=reinterpret pc=0x0000000002de4cd4 method=java.util.HashMap.putVal(ILjava/lang/Object;Ljava/lang/Object;ZZ)Ljava/lang/Object; @ 162
Event: 9.565 Thread 0x000000001e046800 Uncommon trap: reason=bimorphic action=maybe_recompile pc=0x0000000002fe22a4 method=com.android.dx.cf.code.BytecodeArray.parseInstruction(ILcom/android/dx/cf/code/BytecodeArray$Visitor;)I @ 907
Event: 9.565 Thread 0x000000001e046800 Uncommon trap: reason=bimorphic action=maybe_recompile pc=0x0000000002fe22a4 method=com.android.dx.cf.code.BytecodeArray.parseInstruction(ILcom/android/dx/cf/code/BytecodeArray$Visitor;)I @ 907
Event: 9.752 Thread 0x000000001e046800 Uncommon trap: reason=unstable_if action=reinterpret pc=0x0000000002d11e3c method=java.util.HashMap.getNode(ILjava/lang/Object;)Ljava/util/HashMap$Node; @ 84

Internal exceptions (5 events):
Event: 0.105 Thread 0x000000000226e800 Exception <a 'java/lang/NoSuchMethodError': Method sun.misc.Unsafe.defineClass(Ljava/lang/String;[BII)Ljava/lang/Class; name or signature does not match> (0x000000076ab07cc0) thrown at [C:\re\workspace\8-2-build-windows-amd64-cygwin\jdk8u101\7261\hotspot\sDZâb‰÷º?
Event: 0.105 Thread 0x000000000226e800 Exception <a 'java/lang/NoSuchMethodError': Method sun.misc.Unsafe.prefetchRead(Ljava/lang/Object;J)V name or signature does not match> (0x000000076ab07fa8) thrown at [C:\re\workspace\8-2-build-windows-amd64-cygwin\jdk8u101\7261\hotspot\src\share\vm\prims\4G‚P@
Event: 3.789 Thread 0x000000001e046800 Exception <a 'java/lang/ArrayIndexOutOfBoundsException': 18> (0x000000076c99ebd0) thrown at [C:\re\workspace\8-2-build-windows-amd64-cygwin\jdk8u101\7261\hotspot\src\share\vm\interpreter\interpreterRuntime.cpp, line 366]
Event: 3.790 Thread 0x000000001e046800 Exception <a 'java/lang/ArrayIndexOutOfBoundsException'> (0x000000076c9a0750) thrown at [C:\re\workspace\8-2-build-windows-amd64-cygwin\jdk8u101\7261\hotspot\src\share\vm\runtime\sharedRuntime.cpp, line 605]
Event: 3.797 Thread 0x000000001e046800 Exception <a 'java/lang/ArrayIndexOutOfBoundsException'> (0x000000076c9a1a38) thrown at [C:\re\workspace\8-2-build-windows-amd64-cygwin\jdk8u101\7261\hotspot\src\share\vm\runtime\sharedRuntime.cpp, line 605]

Events (10 events):
Event: 9.720 Thread 0x000000001e046800 DEOPT UNPACKING pc=0x000000000297787f sp=0x000000001d6be690 mode 0
Event: 9.751 Thread 0x000000001e046800 DEOPT PACKING pc=0x0000000002cd045c sp=0x000000001d6be690
Event: 9.751 Thread 0x000000001e046800 DEOPT UNPACKING pc=0x000000000297787f sp=0x000000001d6be410 mode 0
Event: 9.752 Thread 0x000000001e046800 Uncommon trap: trap_request=0xffffff65 fr.pc=0x0000000002d11e3c
Event: 9.752 Thread 0x000000001e046800 DEOPT PACKING pc=0x0000000002d11e3c sp=0x000000001d6be5b0
Event: 9.752 Thread 0x000000001e046800 DEOPT UNPACKING pc=0x000000000297582a sp=0x000000001d6be358 mode 2
Event: 9.813 Thread 0x000000001e046800 DEOPT PACKING pc=0x0000000002c5646d sp=0x000000001d6be8a0
Event: 9.813 Thread 0x000000001e046800 DEOPT UNPACKING pc=0x000000000297787f sp=0x000000001d6be640 mode 0
Event: 9.899 Executing VM operation: ParallelGCFailedAllocation
Event: 10.409 Executing VM operation: ParallelGCFailedAllocation done


Dynamic libraries:
0x000000013fef0000 - 0x000000013ff27000 	C:\Program Files\Java\jdk1.8.0_101\bin\java.exe
0x0000000077600000 - 0x00000000777aa000 	C:\Windows\SYSTEM32\ntdll.dll
0x00000000774e0000 - 0x00000000775ff000 	C:\Windows\system32\kernel32.dll
0x000007fefd3a0000 - 0x000007fefd40a000 	C:\Windows\system32\KERNELBASE.dll
0x000007fefd760000 - 0x000007fefd83b000 	C:\Windows\system32\ADVAPI32.dll
0x000007feff870000 - 0x000007feff90f000 	C:\Windows\system32\msvcrt.dll
0x000007fefd6f0000 - 0x000007fefd70f000 	C:\Windows\SYSTEM32\sechost.dll
0x000007feff740000 - 0x000007feff86d000 	C:\Windows\system32\RPCRT4.dll
0x00000000773e0000 - 0x00000000774da000 	C:\Windows\system32\USER32.dll
0x000007fefe4d0000 - 0x000007fefe537000 	C:\Windows\system32\GDI32.dll
0x000007fefe6d0000 - 0x000007fefe6de000 	C:\Windows\system32\LPK.dll
0x000007fefe400000 - 0x000007fefe4ca000 	C:\Windows\system32\USP10.dll
0x000007fefb990000 - 0x000007fefbb84000 	C:\Windows\WinSxS\amd64_microsoft.windows.common-controls_6595b64144ccf1df_6.0.7601.18837_none_fa3b1e3d17594757\COMCTL32.dll
0x000007fefe6e0000 - 0x000007fefe751000 	C:\Windows\system32\SHLWAPI.dll
0x000007fefd730000 - 0x000007fefd75e000 	C:\Windows\system32\IMM32.DLL
0x000007fefd9b0000 - 0x000007fefdab9000 	C:\Windows\system32\MSCTF.dll
0x000000006aa60000 - 0x000000006ab32000 	C:\Program Files\Java\jdk1.8.0_101\jre\bin\msvcr100.dll
0x000000005bc70000 - 0x000000005c50a000 	C:\Program Files\Java\jdk1.8.0_101\jre\bin\server\jvm.dll
0x000007fef86b0000 - 0x000007fef86b9000 	C:\Windows\system32\WSOCK32.dll
0x000007fefd960000 - 0x000007fefd9ad000 	C:\Windows\system32\WS2_32.dll
0x000007fefe760000 - 0x000007fefe768000 	C:\Windows\system32\NSI.dll
0x000007fefaf00000 - 0x000007fefaf3b000 	C:\Windows\system32\WINMM.dll
0x000007fefc4b0000 - 0x000007fefc4bc000 	C:\Windows\system32\VERSION.dll
0x00000000777d0000 - 0x00000000777d7000 	C:\Windows\system32\PSAPI.DLL
0x000000006bf00000 - 0x000000006bf0f000 	C:\Program Files\Java\jdk1.8.0_101\jre\bin\verify.dll
0x000000006bde0000 - 0x000000006be09000 	C:\Program Files\Java\jdk1.8.0_101\jre\bin\java.dll
0x000000006bd80000 - 0x000000006bd96000 	C:\Program Files\Java\jdk1.8.0_101\jre\bin\zip.dll
0x000007fefe950000 - 0x000007feff6da000 	C:\Windows\system32\SHELL32.dll
0x000007fefe1f0000 - 0x000007fefe3f3000 	C:\Windows\system32\ole32.dll
0x000007fefd340000 - 0x000007fefd34f000 	C:\Windows\system32\profapi.dll

VM Arguments:
jvm_args: -Djava.awt.headless=true -Xmx4g -Dfile.encoding=windows-1252 -Duser.country=FR -Duser.language=fr -Duser.variant 
java_command: com.android.dx.command.Main --dex --force-jumbo --num-threads=4 --multi-dex --output C:\Users\neo\AndroidStudioProjects\MyApplication_maps2\app\build\intermediates\transforms\dex\debug\folders\1000\10\com.google.firebase-firebase-analytics-impl-9.4.0_fceea9a3b44f2d8143902e0e870291507948fcfd C:\Users\neo\AndroidStudioProjects\MyApplication_maps2\app\build\intermediates\exploded-aar\com.google.firebase\firebase-analytics-impl\9.4.0\jars\classes.jar
java_class_path (initial): C:\Users\neo\AppData\Local\Android\sdk\build-tools\25.0.1\lib\dx.jar
Launcher Type: SUN_STANDARD

Environment Variables:
PATH=C:\ProgramData\Oracle\Java\javapath;C:\Windows\system32;C:\Windows;C:\Windows\System32\Wbem;C:\Windows\System32\WindowsPowerShell\v1.0\;C:\Program Files\Intel\WiFi\bin\;C:\Program Files\Common Files\Intel\WirelessCommon\;C:\Program Files\Git\cmd;C:\metasploit-framework\bin\;C:\Program Files (x86)\Skype\Phone\;C:\ProgramData\ComposerSetup\bin;C:\Users\neo\Desktop\php-7.1.1-Win32-VC14-x64;C:\Program Files (x86)\PuTTY\;C:\Program Files\Intel\WiFi\bin\;C:\Program Files\Common Files\Intel\WirelessCommon\;C:\Users\neo\AppData\Roaming\Composer\vendor\bin
USERNAME=neo
OS=Windows_NT
PROCESSOR_IDENTIFIER=Intel64 Family 6 Model 69 Stepping 1, GenuineIntel



---------------  S Y S T E M  ---------------

OS: Windows 7 , 64 bit Build 7601 (6.1.7601.23543)

CPU:total 4 (2 cores per cpu, 2 threads per core) family 6 model 69 stepping 1, cmov, cx8, fxsr, mmx, sse, sse2, sse3, ssse3, sse4.1, sse4.2, popcnt, avx, avx2, aes, clmul, erms, lzcnt, ht, tsc, tscinvbit, bmi1, bmi2

Memory: 4k page, physical 4118708k(189648k free), swap 9073388k(19828k free)

vm_info: Java HotSpot(TM) 64-Bit Server VM (25.101-b13) for windows-amd64 JRE (1.8.0_101-b13), built on Jun 22 2016 01:21:29 by "java_re" with MS VC++ 10.0 (VS2010)

time: Fri Feb 10 20:17:20 2017
elapsed time: 10 seconds (0d 0h 0m 10s)

